<?xml version="1.0" encoding="UTF-8"?>
<!-- Generated by org.testng.reporters.JUnitXMLReporter -->
<testsuite ignored="0" hostname="INDELSAUKUMA" failures="0" tests="12" name="Default test" time="78.922" errors="0" timestamp="2024-01-08T17:14:35 IST">
  <testcase classname="tests.headerliks.ProductsNavTest" name="doLogin" time="5.06"/>
  <testcase classname="tests.headerliks.ProductsNavTest" name="clickBeerNav" time="4.791"/>
  <testcase classname="tests.headerliks.ProductsNavTest" name="clickWineNav" time="5.279"/>
  <testcase classname="tests.headerliks.ProductsNavTest" name="clickOnDistilledNav" time="4.595"/>
  <testcase classname="tests.headerliks.ProductsNavTest" name="clickOnMixedDrinkNav" time="4.375"/>
  <testcase classname="tests.headerliks.ProductsNavTest" name="clickOnSoftDrinkNav" time="4.351"/>
  <testcase classname="tests.headerliks.ProductsNavTest" name="clickOnFruitJuiceNav" time="5.047"/>
  <testcase classname="tests.headerliks.ProductsNavTest" name="clickOnSportsEnergyDrinksNav" time="5.265"/>
  <testcase classname="tests.headerliks.ProductsNavTest" name="clickOnWaterNav" time="5.494"/>
  <testcase classname="tests.headerliks.ProductsNavTest" name="clickOnDairyNav" time="4.805"/>
  <testcase classname="tests.headerliks.ProductsNavTest" name="clickOnSyrupNav" time="4.635"/>
  <testcase classname="tests.headerliks.ProductsNavTest" name="clickOnNonDrinksNav" time="4.075"/>
</testsuite> <!-- Default test -->
