<?xml version="1.0" encoding="UTF-8"?>
<!-- Generated by org.testng.reporters.JUnitXMLReporter -->
<testsuite ignored="1" hostname="INDELSAUKUMA" failures="0" tests="24" name="Default test" time="0.067" errors="0" timestamp="2024-01-08T16:48:36 IST">
  <testcase classname="tests.Session" name="@BeforeSuite captureSession" time="44.552">
    <failure type="com.microsoft.playwright.TimeoutError" message="Error {
  message=&amp;apos;Timeout 30000ms exceeded.
  name=&amp;apos;TimeoutError
  stack=&amp;apos;TimeoutError: Timeout 30000ms exceeded.
    at ProgressController.run (C:\Users\saukumar\AppData\Local\Temp\playwright-java-10146397169201574492\package\lib\server\progress.js:87:26)
    at Frame.goto (C:\Users\saukumar\AppData\Local\Temp\playwright-java-10146397169201574492\package\lib\server\frames.js:517:23)
    at FrameDispatcher.goto (C:\Users\saukumar\AppData\Local\Temp\playwright-java-10146397169201574492\package\lib\server\dispatchers\frameDispatcher.js:75:119)
    at FrameDispatcher._handleCommand (C:\Users\saukumar\AppData\Local\Temp\playwright-java-10146397169201574492\package\lib\server\dispatchers\dispatcher.js:84:40)
    at DispatcherConnection.dispatch (C:\Users\saukumar\AppData\Local\Temp\playwright-java-10146397169201574492\package\lib\server\dispatchers\dispatcher.js:351:39)
}
Call log:
- navigating to &amp;quot;https://acc.sfbhoreca.nl/&amp;quot;, waiting until &amp;quot;load&amp;quot;
">
      <![CDATA[com.microsoft.playwright.TimeoutError: Error {
  message='Timeout 30000ms exceeded.
  name='TimeoutError
  stack='TimeoutError: Timeout 30000ms exceeded.
    at ProgressController.run (C:\Users\saukumar\AppData\Local\Temp\playwright-java-10146397169201574492\package\lib\server\progress.js:87:26)
    at Frame.goto (C:\Users\saukumar\AppData\Local\Temp\playwright-java-10146397169201574492\package\lib\server\frames.js:517:23)
    at FrameDispatcher.goto (C:\Users\saukumar\AppData\Local\Temp\playwright-java-10146397169201574492\package\lib\server\dispatchers\frameDispatcher.js:75:119)
    at FrameDispatcher._handleCommand (C:\Users\saukumar\AppData\Local\Temp\playwright-java-10146397169201574492\package\lib\server\dispatchers\dispatcher.js:84:40)
    at DispatcherConnection.dispatch (C:\Users\saukumar\AppData\Local\Temp\playwright-java-10146397169201574492\package\lib\server\dispatchers\dispatcher.js:351:39)
}
Call log:
- navigating to "https://acc.sfbhoreca.nl/", waiting until "load"

at com.microsoft.playwright.impl.WaitableResult.get(WaitableResult.java:52)
at com.microsoft.playwright.impl.ChannelOwner.runUntil(ChannelOwner.java:120)
at com.microsoft.playwright.impl.Connection.sendMessage(Connection.java:129)
at com.microsoft.playwright.impl.ChannelOwner.sendMessage(ChannelOwner.java:106)
at com.microsoft.playwright.impl.FrameImpl.navigateImpl(FrameImpl.java:463)
at com.microsoft.playwright.impl.PageImpl.lambda$navigate$45(PageImpl.java:836)
at com.microsoft.playwright.impl.LoggingSupport.withLogging(LoggingSupport.java:47)
at com.microsoft.playwright.impl.ChannelOwner.withLogging(ChannelOwner.java:89)
at com.microsoft.playwright.impl.PageImpl.navigate(PageImpl.java:836)
at com.microsoft.playwright.impl.PageImpl.navigate(PageImpl.java:42)
at com.microsoft.playwright.Page.navigate(Page.java:5305)
at factory.PlaywrightFactory.initBrowser(PlaywrightFactory.java:71)
at tests.Session.captureSession(Session.java:28)
at java.base/jdk.internal.reflect.NativeMethodAccessorImpl.invoke0(Native Method)
at java.base/jdk.internal.reflect.NativeMethodAccessorImpl.invoke(NativeMethodAccessorImpl.java:77)
at java.base/jdk.internal.reflect.DelegatingMethodAccessorImpl.invoke(DelegatingMethodAccessorImpl.java:43)
at java.base/java.lang.reflect.Method.invoke(Method.java:568)
at org.testng.internal.MethodInvocationHelper.invokeMethod(MethodInvocationHelper.java:133)
at org.testng.internal.MethodInvocationHelper.invokeMethodConsideringTimeout(MethodInvocationHelper.java:62)
at org.testng.internal.ConfigInvoker.invokeConfigurationMethod(ConfigInvoker.java:385)
at org.testng.internal.ConfigInvoker.invokeConfigurations(ConfigInvoker.java:321)
at org.testng.SuiteRunner.privateRun(SuiteRunner.java:317)
at org.testng.SuiteRunner.run(SuiteRunner.java:276)
at org.testng.SuiteRunnerWorker.runSuite(SuiteRunnerWorker.java:53)
at org.testng.SuiteRunnerWorker.run(SuiteRunnerWorker.java:96)
at org.testng.TestNG.runSuitesSequentially(TestNG.java:1212)
at org.testng.TestNG.runSuitesLocally(TestNG.java:1134)
at org.testng.TestNG.runSuites(TestNG.java:1063)
at org.testng.TestNG.run(TestNG.java:1031)
at org.testng.remote.AbstractRemoteTestNG.run(AbstractRemoteTestNG.java:115)
at org.testng.remote.RemoteTestNG.initAndRun(RemoteTestNG.java:251)
at org.testng.remote.RemoteTestNG.main(RemoteTestNG.java:77)
Caused by: com.microsoft.playwright.TimeoutError: Error {
  message='Timeout 30000ms exceeded.
  name='TimeoutError
  stack='TimeoutError: Timeout 30000ms exceeded.
    at ProgressController.run (C:\Users\saukumar\AppData\Local\Temp\playwright-java-10146397169201574492\package\lib\server\progress.js:87:26)
    at Frame.goto (C:\Users\saukumar\AppData\Local\Temp\playwright-java-10146397169201574492\package\lib\server\frames.js:517:23)
    at FrameDispatcher.goto (C:\Users\saukumar\AppData\Local\Temp\playwright-java-10146397169201574492\package\lib\server\dispatchers\frameDispatcher.js:75:119)
    at FrameDispatcher._handleCommand (C:\Users\saukumar\AppData\Local\Temp\playwright-java-10146397169201574492\package\lib\server\dispatchers\dispatcher.js:84:40)
    at DispatcherConnection.dispatch (C:\Users\saukumar\AppData\Local\Temp\playwright-java-10146397169201574492\package\lib\server\dispatchers\dispatcher.js:351:39)
}
Call log:
- navigating to "https://acc.sfbhoreca.nl/", waiting until "load"

at com.microsoft.playwright.impl.Connection.dispatch(Connection.java:252)
at com.microsoft.playwright.impl.Connection.processOneMessage(Connection.java:209)
at com.microsoft.playwright.impl.ChannelOwner.runUntil(ChannelOwner.java:118)
... 30 more
]]>
    </failure>
  </testcase> <!-- @BeforeSuite captureSession -->
  <testcase classname="tests.FooterPageTest" name="@BeforeTest setup" time="-1.704712716138E9">
    <skipped/>
  </testcase> <!-- @BeforeTest setup -->
  <testcase classname="tests.HomePageTest" name="@BeforeTest setup" time="-1.704712716139E9">
    <skipped/>
  </testcase> <!-- @BeforeTest setup -->
  <testcase classname="tests.LoginPageTest" name="@BeforeTest setup" time="-1.704712716139E9">
    <skipped/>
  </testcase> <!-- @BeforeTest setup -->
  <testcase classname="tests.PlaceOrderTest" name="@BeforeTest setup" time="-1.70471271614E9">
    <skipped/>
  </testcase> <!-- @BeforeTest setup -->
  <testcase classname="tests.SearchProductTest" name="@BeforeTest setup" time="-1.70471271614E9">
    <skipped/>
  </testcase> <!-- @BeforeTest setup -->
  <testcase classname="tests.HomePageTest" name="homeLogoTest" time="0.0">
    <skipped/>
  </testcase> <!-- homeLogoTest -->
  <testcase classname="tests.HomePageTest" name="homePageTitleTest" time="0.0">
    <skipped/>
  </testcase> <!-- homePageTitleTest -->
  <testcase classname="tests.SearchProductTest" name="LoginTest" time="0.0">
    <skipped/>
  </testcase> <!-- LoginTest -->
  <testcase classname="tests.SearchProductTest" name="doSearch" time="0.0">
    <skipped/>
  </testcase> <!-- doSearch -->
  <testcase classname="tests.SearchProductTest" name="searchPageUrlText" time="0.0">
    <skipped/>
  </testcase> <!-- searchPageUrlText -->
  <testcase classname="tests.PlaceOrderTest" name="doAddToCart" time="0.0">
    <skipped/>
  </testcase> <!-- doAddToCart -->
  <testcase classname="tests.PlaceOrderTest" name="placeOrder" time="0.0">
    <skipped/>
  </testcase> <!-- placeOrder -->
  <testcase classname="tests.LoginPageTest" name="loginPageNavigationTest" time="0.0">
    <skipped/>
  </testcase> <!-- loginPageNavigationTest -->
  <testcase classname="tests.LoginPageTest" name="appLoginTest" time="0.0">
    <skipped/>
  </testcase> <!-- appLoginTest -->
  <testcase classname="tests.LoginPageTest" name="loggedInPageTitleTest" time="0.0">
    <skipped/>
  </testcase> <!-- loggedInPageTitleTest -->
  <testcase classname="tests.LoginPageTest" name="UserProfileVisiblTest" time="0.0">
    <skipped/>
  </testcase> <!-- UserProfileVisiblTest -->
  <testcase classname="tests.FooterPageTest" name="isFooterAvailable" time="0.0">
    <skipped/>
  </testcase> <!-- isFooterAvailable -->
  <testcase classname="tests.FooterPageTest" name="isMakeAnAppointmentAvailable" time="0.0">
    <skipped/>
  </testcase> <!-- isMakeAnAppointmentAvailable -->
  <testcase classname="tests.FooterPageTest" name="isTandCVisible" time="0.0">
    <skipped/>
  </testcase> <!-- isTandCVisible -->
  <testcase classname="tests.FooterPageTest" name="isPrivacyAndCookiesVisible" time="0.0">
    <skipped/>
  </testcase> <!-- isPrivacyAndCookiesVisible -->
  <testcase classname="tests.FooterPageTest" name="isSecurityVisible" time="0.0">
    <skipped/>
  </testcase> <!-- isSecurityVisible -->
  <testcase classname="tests.FooterPageTest" name="isContactVisible" time="0.0">
    <skipped/>
  </testcase> <!-- isContactVisible -->
  <testcase classname="tests.FooterPageTest" name="isVacanciesVisible" time="0.0">
    <skipped/>
  </testcase> <!-- isVacanciesVisible -->
  <testcase classname="tests.FooterPageTest" name="clickAndSubmitMakeAnAppointmentAvailable" time="0.0">
    <skipped/>
  </testcase> <!-- clickAndSubmitMakeAnAppointmentAvailable -->
  <testcase classname="tests.FooterPageTest" name="clickPrivacyAndCookies" time="0.0">
    <skipped/>
  </testcase> <!-- clickPrivacyAndCookies -->
  <testcase classname="tests.FooterPageTest" name="clickTAndC" time="0.0">
    <skipped/>
  </testcase> <!-- clickTAndC -->
  <testcase classname="tests.FooterPageTest" name="clickContact" time="0.0">
    <skipped/>
  </testcase> <!-- clickContact -->
  <testcase classname="tests.FooterPageTest" name="clickSecurity" time="0.0">
    <skipped/>
  </testcase> <!-- clickSecurity -->
  <testcase classname="tests.FooterPageTest" name="clickVACATURES" time="0.0">
    <skipped/>
  </testcase> <!-- clickVACATURES -->
  <testcase classname="tests.Session" name="@BeforeSuite captureSession" time="0.0">
    <ignored/>
  </testcase> <!-- @BeforeSuite captureSession -->
</testsuite> <!-- Default test -->
