<?xml version="1.0" encoding="UTF-8"?>
<testng-results ignored="1" total="2" passed="1" failed="0" skipped="0">
  <reporter-output>
  </reporter-output>
  <suite started-at="2024-01-05T11:59:41 IST" name="Default suite" finished-at="2024-01-05T11:59:53 IST" duration-ms="11725">
    <groups>
    </groups>
    <test started-at="2024-01-05T11:59:41 IST" name="Default test" finished-at="2024-01-05T11:59:53 IST" duration-ms="11725">
      <class name="tests.PlaceOrderTest">
        <test-method is-config="true" signature="captureSession()[pri:0, instance:tests.PlaceOrderTest@3c7f66c4]" started-at="2024-01-05T11:59:06 IST" name="captureSession" finished-at="2024-01-05T11:59:41 IST" duration-ms="35050" status="PASS">
          <reporter-output>
          </reporter-output>
        </test-method> <!-- captureSession -->
        <test-method is-config="true" signature="setup()[pri:0, instance:tests.PlaceOrderTest@3c7f66c4]" started-at="2024-01-05T11:59:41 IST" name="setup" finished-at="2024-01-05T11:59:43 IST" duration-ms="1966" status="PASS">
          <reporter-output>
          </reporter-output>
        </test-method> <!-- setup -->
        <test-method signature="doAddToCart()[pri:1, instance:tests.PlaceOrderTest@3c7f66c4]" started-at="2024-01-05T11:59:43 IST" name="doAddToCart" finished-at="2024-01-05T11:59:52 IST" duration-ms="9602" status="PASS">
          <reporter-output>
          </reporter-output>
        </test-method> <!-- doAddToCart -->
        <test-method is-config="true" signature="tearDown()[pri:0, instance:tests.PlaceOrderTest@3c7f66c4]" started-at="2024-01-05T11:59:52 IST" name="tearDown" finished-at="2024-01-05T11:59:53 IST" duration-ms="102" status="PASS">
          <reporter-output>
          </reporter-output>
        </test-method> <!-- tearDown -->
      </class> <!-- tests.PlaceOrderTest -->
    </test> <!-- Default test -->
  </suite> <!-- Default suite -->
</testng-results>
