<?xml version="1.0" encoding="UTF-8"?>
<testng-results ignored="0" total="2" passed="1" failed="1" skipped="0">
  <reporter-output>
  </reporter-output>
  <suite started-at="2024-01-04T13:48:30 IST" name="Default suite" finished-at="2024-01-04T13:49:11 IST" duration-ms="40769">
    <groups>
    </groups>
    <test started-at="2024-01-04T13:48:30 IST" name="Default test" finished-at="2024-01-04T13:49:11 IST" duration-ms="40769">
      <class name="tests.PlaceOrderTest">
        <test-method is-config="true" signature="captureSession()[pri:0, instance:tests.PlaceOrderTest@37d4349f]" started-at="2024-01-04T13:48:03 IST" name="captureSession" finished-at="2024-01-04T13:48:30 IST" duration-ms="26593" status="PASS">
          <reporter-output>
          </reporter-output>
        </test-method> <!-- captureSession -->
        <test-method is-config="true" signature="setup()[pri:0, instance:tests.PlaceOrderTest@37d4349f]" started-at="2024-01-04T13:48:30 IST" name="setup" finished-at="2024-01-04T13:48:32 IST" duration-ms="2596" status="PASS">
          <reporter-output>
          </reporter-output>
        </test-method> <!-- setup -->
        <test-method signature="doAddToCart()[pri:1, instance:tests.PlaceOrderTest@37d4349f]" started-at="2024-01-04T13:48:33 IST" name="doAddToCart" finished-at="2024-01-04T13:49:07 IST" duration-ms="34338" status="FAIL">
          <exception class="com.microsoft.playwright.TimeoutError">
            <message>
              <![CDATA[Error {
  message='Timeout 30000ms exceeded.
  name='TimeoutError
  stack='TimeoutError: Timeout 30000ms exceeded.
    at ProgressController.run (C:\Users\saukumar\AppData\Local\Temp\playwright-java-7849281476825806697\package\lib\server\progress.js:87:26)
    at Frame.click (C:\Users\saukumar\AppData\Local\Temp\playwright-java-7849281476825806697\package\lib\server\frames.js:995:23)
    at FrameDispatcher.click (C:\Users\saukumar\AppData\Local\Temp\playwright-java-7849281476825806697\package\lib\server\dispatchers\frameDispatcher.js:152:30)
    at FrameDispatcher._handleCommand (C:\Users\saukumar\AppData\Local\Temp\playwright-java-7849281476825806697\package\lib\server\dispatchers\dispatcher.js:84:40)
    at DispatcherConnection.dispatch (C:\Users\saukumar\AppData\Local\Temp\playwright-java-7849281476825806697\package\lib\server\dispatchers\dispatcher.js:351:39)
}
Call log:
- waiting for locator("//div[@id='product_sale_statiegeld']//a[@aria-label='plus']")
]]>
            </message>
            <full-stacktrace>
              <![CDATA[com.microsoft.playwright.TimeoutError: Error {
  message='Timeout 30000ms exceeded.
  name='TimeoutError
  stack='TimeoutError: Timeout 30000ms exceeded.
    at ProgressController.run (C:\Users\saukumar\AppData\Local\Temp\playwright-java-7849281476825806697\package\lib\server\progress.js:87:26)
    at Frame.click (C:\Users\saukumar\AppData\Local\Temp\playwright-java-7849281476825806697\package\lib\server\frames.js:995:23)
    at FrameDispatcher.click (C:\Users\saukumar\AppData\Local\Temp\playwright-java-7849281476825806697\package\lib\server\dispatchers\frameDispatcher.js:152:30)
    at FrameDispatcher._handleCommand (C:\Users\saukumar\AppData\Local\Temp\playwright-java-7849281476825806697\package\lib\server\dispatchers\dispatcher.js:84:40)
    at DispatcherConnection.dispatch (C:\Users\saukumar\AppData\Local\Temp\playwright-java-7849281476825806697\package\lib\server\dispatchers\dispatcher.js:351:39)
}
Call log:
- waiting for locator("//div[@id='product_sale_statiegeld']//a[@aria-label='plus']")

at com.microsoft.playwright.impl.WaitableResult.get(WaitableResult.java:52)
at com.microsoft.playwright.impl.ChannelOwner.runUntil(ChannelOwner.java:120)
at com.microsoft.playwright.impl.Connection.sendMessage(Connection.java:129)
at com.microsoft.playwright.impl.ChannelOwner.sendMessage(ChannelOwner.java:106)
at com.microsoft.playwright.impl.FrameImpl.clickImpl(FrameImpl.java:252)
at com.microsoft.playwright.impl.FrameImpl.lambda$click$8(FrameImpl.java:243)
at com.microsoft.playwright.impl.LoggingSupport.lambda$withLogging$0(LoggingSupport.java:36)
at com.microsoft.playwright.impl.LoggingSupport.withLogging(LoggingSupport.java:47)
at com.microsoft.playwright.impl.ChannelOwner.withLogging(ChannelOwner.java:89)
at com.microsoft.playwright.impl.LoggingSupport.withLogging(LoggingSupport.java:35)
at com.microsoft.playwright.impl.FrameImpl.click(FrameImpl.java:243)
at com.microsoft.playwright.impl.LocatorImpl.click(LocatorImpl.java:140)
at com.microsoft.playwright.Locator.click(Locator.java:2348)
at pages.PlaceOrderPage.doAddToCart(PlaceOrderPage.java:89)
at tests.PlaceOrderTest.doAddToCart(PlaceOrderTest.java:49)
at java.base/jdk.internal.reflect.NativeMethodAccessorImpl.invoke0(Native Method)
at java.base/jdk.internal.reflect.NativeMethodAccessorImpl.invoke(NativeMethodAccessorImpl.java:77)
at java.base/jdk.internal.reflect.DelegatingMethodAccessorImpl.invoke(DelegatingMethodAccessorImpl.java:43)
at java.base/java.lang.reflect.Method.invoke(Method.java:568)
at org.testng.internal.MethodInvocationHelper.invokeMethod(MethodInvocationHelper.java:133)
at org.testng.internal.TestInvoker.invokeMethod(TestInvoker.java:598)
at org.testng.internal.TestInvoker.invokeTestMethod(TestInvoker.java:173)
at org.testng.internal.MethodRunner.runInSequence(MethodRunner.java:46)
at org.testng.internal.TestInvoker$MethodInvocationAgent.invoke(TestInvoker.java:824)
at org.testng.internal.TestInvoker.invokeTestMethods(TestInvoker.java:146)
at org.testng.internal.TestMethodWorker.invokeTestMethods(TestMethodWorker.java:146)
at org.testng.internal.TestMethodWorker.run(TestMethodWorker.java:128)
at java.base/java.util.ArrayList.forEach(ArrayList.java:1511)
at org.testng.TestRunner.privateRun(TestRunner.java:794)
at org.testng.TestRunner.run(TestRunner.java:596)
at org.testng.SuiteRunner.runTest(SuiteRunner.java:377)
at org.testng.SuiteRunner.runSequentially(SuiteRunner.java:371)
at org.testng.SuiteRunner.privateRun(SuiteRunner.java:332)
at org.testng.SuiteRunner.run(SuiteRunner.java:276)
at org.testng.SuiteRunnerWorker.runSuite(SuiteRunnerWorker.java:53)
at org.testng.SuiteRunnerWorker.run(SuiteRunnerWorker.java:96)
at org.testng.TestNG.runSuitesSequentially(TestNG.java:1212)
at org.testng.TestNG.runSuitesLocally(TestNG.java:1134)
at org.testng.TestNG.runSuites(TestNG.java:1063)
at org.testng.TestNG.run(TestNG.java:1031)
at org.testng.remote.AbstractRemoteTestNG.run(AbstractRemoteTestNG.java:115)
at org.testng.remote.RemoteTestNG.initAndRun(RemoteTestNG.java:251)
at org.testng.remote.RemoteTestNG.main(RemoteTestNG.java:77)
Caused by: com.microsoft.playwright.TimeoutError: Error {
  message='Timeout 30000ms exceeded.
  name='TimeoutError
  stack='TimeoutError: Timeout 30000ms exceeded.
    at ProgressController.run (C:\Users\saukumar\AppData\Local\Temp\playwright-java-7849281476825806697\package\lib\server\progress.js:87:26)
    at Frame.click (C:\Users\saukumar\AppData\Local\Temp\playwright-java-7849281476825806697\package\lib\server\frames.js:995:23)
    at FrameDispatcher.click (C:\Users\saukumar\AppData\Local\Temp\playwright-java-7849281476825806697\package\lib\server\dispatchers\frameDispatcher.js:152:30)
    at FrameDispatcher._handleCommand (C:\Users\saukumar\AppData\Local\Temp\playwright-java-7849281476825806697\package\lib\server\dispatchers\dispatcher.js:84:40)
    at DispatcherConnection.dispatch (C:\Users\saukumar\AppData\Local\Temp\playwright-java-7849281476825806697\package\lib\server\dispatchers\dispatcher.js:351:39)
}
Call log:
- waiting for locator("//div[@id='product_sale_statiegeld']//a[@aria-label='plus']")

at com.microsoft.playwright.impl.Connection.dispatch(Connection.java:252)
at com.microsoft.playwright.impl.Connection.processOneMessage(Connection.java:209)
at com.microsoft.playwright.impl.ChannelOwner.runUntil(ChannelOwner.java:118)
... 41 more
]]>
            </full-stacktrace>
          </exception> <!-- com.microsoft.playwright.TimeoutError -->
          <reporter-output>
          </reporter-output>
        </test-method> <!-- doAddToCart -->
        <test-method signature="placeOrder()[pri:2, instance:tests.PlaceOrderTest@37d4349f]" started-at="2024-01-04T13:49:07 IST" name="placeOrder" finished-at="2024-01-04T13:49:11 IST" duration-ms="3734" status="PASS">
          <reporter-output>
          </reporter-output>
        </test-method> <!-- placeOrder -->
        <test-method is-config="true" signature="tearDown()[pri:0, instance:tests.PlaceOrderTest@37d4349f]" started-at="2024-01-04T13:49:11 IST" name="tearDown" finished-at="2024-01-04T13:49:11 IST" duration-ms="66" status="PASS">
          <reporter-output>
          </reporter-output>
        </test-method> <!-- tearDown -->
      </class> <!-- tests.PlaceOrderTest -->
    </test> <!-- Default test -->
  </suite> <!-- Default suite -->
</testng-results>
